#
# A fatal error has been detected by the Java Runtime Environment:
#
#  SIGSEGV (0xb) at pc=0xb6e63667, pid=4563, tid=1794804544
#
# JRE version: OpenJDK Runtime Environment (7.0_79-b14) (build 1.7.0_79-b14)
# Java VM: OpenJDK Server VM (24.79-b02 mixed mode linux-x86 )
# Derivative: IcedTea 2.5.5
# Distribution: Ubuntu 12.04 LTS, package 7u79-2.5.5-0ubuntu0.12.04.1
# Problematic frame:
# V  [libjvm.so+0x6e1667]  oopDesc* PSPromotionManager::copy_to_survivor_space<false>(oopDesc*)+0x37
#
# Failed to write core dump. Core dumps have been disabled. To enable core dumping, try "ulimit -c unlimited" before starting Java again
#
# If you would like to submit a bug report, please include
# instructions on how to reproduce the bug and visit:
#   http://icedtea.classpath.org/bugzilla
#

---------------  T H R E A D  ---------------

Current thread (0xb6512c00):  GCTaskThread [stack: 0x6af28000,0x6afa9000] [id=4568]

siginfo:si_signo=SIGSEGV: si_errno=0, si_code=1 (SEGV_MAPERR), si_addr=0x0000000c

Registers:
EAX=0x00000000, EBX=0xb7199ff4, ECX=0x0000028a, EDX=0xa60a89e8
ESP=0x6afa7fa0, EBP=0xa1e27768, ESI=0xb65dd0e0, EDI=0x0000028b
EIP=0xb6e63667, EFLAGS=0x00010293, CR2=0x0000000c

Top of Stack: (sp=0x6afa7fa0)
0x6afa7fa0:   6b4490e8 b65dd0e0 a1e27760 b75ebd27
0x6afa7fb0:   a20a0aa0 00000000 00000004 00e63c34
0x6afa7fc0:   a1e24770 00001000 b6513b28 b76fe6f4
0x6afa7fd0:   b6513b28 b6513b28 744a1888 b7199ff4
0x6afa7fe0:   b65dd0e0 0000028b a1e27768 b6e62e84
0x6afa7ff0:   b65dd0e0 a60a89e8 0000002d 0000005f
0x6afa8000:   6b3800e8 b65dd0e0 744a1140 b7199ff4
0x6afa8010:   b6513b00 0000002d 00000390 b6bf6a60 

Instructions: (pc=0xb6e63667)
0xb6e63647:   8b 02 e8 b9 c6 9d ff 81 c3 a6 69 33 00 89 44 24
0xb6e63657:   14 83 e0 03 83 f8 03 0f 84 a4 00 00 00 8b 42 04
0xb6e63667:   8b 48 0c 8d 70 08 83 f9 00 0f 8e 2a 01 00 00 f6
0xb6e63677:   c1 01 0f 85 27 01 00 00 c1 f9 02 89 4c 24 18 8b 

Register to memory mapping:

EAX=0x00000000 is an unknown value
EBX=0xb7199ff4: <offset 0xa17ff4> in /usr/lib/jvm/java-7-openjdk-i386/jre/lib/i386/server/libjvm.so at 0xb6782000
ECX=0x0000028a is an unknown value
EDX=0xa60a89e8 is an unallocated location in the heap
ESP=0x6afa7fa0 is an unknown value
EBP=0xa1e27768 is an unknown value
ESI=0xb65dd0e0 is an unknown value
EDI=0x0000028b is an unknown value


Stack: [0x6af28000,0x6afa9000],  sp=0x6afa7fa0,  free space=511k
Native frames: (J=compiled Java code, j=interpreted, Vv=VM code, C=native code)
V  [libjvm.so+0x6e1667]  oopDesc* PSPromotionManager::copy_to_survivor_space<false>(oopDesc*)+0x37


---------------  P R O C E S S  ---------------

Java Threads: ( => current thread )
  0x6802c800 JavaThread "Service Thread" daemon [_thread_blocked, id=4576, stack(0x67bba000,0x67c0b000)]
  0x6802a800 JavaThread "C2 CompilerThread1" daemon [_thread_blocked, id=4575, stack(0x67c0b000,0x67c8c000)]
  0x68028800 JavaThread "C2 CompilerThread0" daemon [_thread_blocked, id=4574, stack(0x67c8c000,0x67d0d000)]
  0x68027000 JavaThread "Signal Dispatcher" daemon [_thread_blocked, id=4573, stack(0x67d0d000,0x67d5e000)]
  0x68014400 JavaThread "Finalizer" daemon [_thread_blocked, id=4572, stack(0x67f5e000,0x67faf000)]
  0x68012c00 JavaThread "Reference Handler" daemon [_thread_blocked, id=4571, stack(0x67faf000,0x68000000)]
  0xb6508c00 JavaThread "main" [_thread_blocked, id=4567, stack(0xb6602000,0xb6653000)]

Other Threads:
  0x68010400 VMThread [stack: 0x68105000,0x68186000] [id=4570]
  0x6802e400 WatcherThread [stack: 0x67b39000,0x67bba000] [id=4577]

=>0xb6512c00 (exited) GCTaskThread [stack: 0x6af28000,0x6afa9000] [id=4568]

VM state:at safepoint (normal execution)

VM Mutex/Monitor currently owned by a thread:  ([mutex/lock_event])
[0xb6506438] Threads_lock - owner thread: 0x68010400
[0xb6506848] Heap_lock - owner thread: 0xb6508c00

Heap
 PSYoungGen      total 68096K, used 68090K [0x9de00000, 0xa2300000, 0xb3380000)
  eden space 65536K, 100% used [0x9de00000,0xa1e00000,0xa1e00000)
  from space 2560K, 99% used [0xa2080000,0xa22fe850,0xa2300000)
  to   space 2560K, 98% used [0xa1e00000,0xa2078798,0xa2080000)
 ParOldGen       total 43008K, used 17548K [0x73380000, 0x75d80000, 0x9de00000)
  object space 43008K, 40% used [0x73380000,0x744a8000,0x75d80000)
 PSPermGen       total 16384K, used 5280K [0x6b380000, 0x6c380000, 0x73380000)
  object space 16384K, 32% used [0x6b380000,0x6b8a83e8,0x6c380000)

Card table byte_map: [0x6b13f000,0x6b380000] byte_map_base: 0x6ade5400

Polling page: 0xb77b1000

Code Cache  [0xb347d000, 0xb3715000, 0xb647d000)
 total_blobs=1020 nmethods=885 adapters=89 free_code_cache=46538Kb largest_free_block=47617472

Compilation events (10 events):
Event: 9.114 Thread 0x68028800 nmethod 892 0xb36ef648 code [0xb36ef720, 0xb36ef770]
Event: 9.114 Thread 0x68028800  893             com.android.dex.Code::getDebugInfoOffset (5 bytes)
Event: 9.114 Thread 0x68028800 nmethod 893 0xb36ef4c8 code [0xb36ef5a0, 0xb36ef5f0]
Event: 9.114 Thread 0x68028800  894             com.android.dex.Code::getInstructions (5 bytes)
Event: 9.114 Thread 0x68028800 nmethod 894 0xb36ef348 code [0xb36ef420, 0xb36ef470]
Event: 9.114 Thread 0x68028800  895             com.android.dx.io.instructions.ZeroRegisterDecodedInstruction::<init> (14 bytes)
Event: 9.118 Thread 0x68028800 nmethod 895 0xb36ef088 code [0xb36ef180, 0xb36ef250]
Event: 9.118 Thread 0x68028800  896             com.android.dx.io.instructions.DecodedInstruction::getTarget (7 bytes)
Event: 9.118 Thread 0x68028800 nmethod 896 0xb36eee88 code [0xb36eef60, 0xb36eefb0]
Event: 9.118 Thread 0x68028800  897             com.android.dx.merge.IndexMap::adjustTypeList (58 bytes)

GC Heap History (9 events):
Event: 0.972 GC heap before
{Heap before GC invocations=1 (full 0):
 PSYoungGen      total 18944K, used 16384K [0x9de00000, 0x9f300000, 0xb3380000)
  eden space 16384K, 100% used [0x9de00000,0x9ee00000,0x9ee00000)
  from space 2560K, 0% used [0x9f080000,0x9f080000,0x9f300000)
  to   space 2560K, 0% used [0x9ee00000,0x9ee00000,0x9f080000)
 ParOldGen       total 43008K, used 0K [0x73380000, 0x75d80000, 0x9de00000)
  object space 43008K, 0% used [0x73380000,0x73380000,0x75d80000)
 PSPermGen       total 16384K, used 3605K [0x6b380000, 0x6c380000, 0x73380000)
  object space 16384K, 22% used [0x6b380000,0x6b7057c8,0x6c380000)
Event: 0.986 GC heap after
Heap after GC invocations=1 (full 0):
 PSYoungGen      total 18944K, used 2547K [0x9de00000, 0xa0300000, 0xb3380000)
  eden space 16384K, 0% used [0x9de00000,0x9de00000,0x9ee00000)
  from space 2560K, 99% used [0x9ee00000,0x9f07cf50,0x9f080000)
  to   space 2560K, 0% used [0xa0080000,0xa0080000,0xa0300000)
 ParOldGen       total 43008K, used 2019K [0x73380000, 0x75d80000, 0x9de00000)
  object space 43008K, 4% used [0x73380000,0x73578f78,0x75d80000)
 PSPermGen       total 16384K, used 3605K [0x6b380000, 0x6c380000, 0x73380000)
  object space 16384K, 22% used [0x6b380000,0x6b7057c8,0x6c380000)
}
Event: 1.528 GC heap before
{Heap before GC invocations=2 (full 0):
 PSYoungGen      total 18944K, used 18931K [0x9de00000, 0xa0300000, 0xb3380000)
  eden space 16384K, 100% used [0x9de00000,0x9ee00000,0x9ee00000)
  from space 2560K, 99% used [0x9ee00000,0x9f07cf50,0x9f080000)
  to   space 2560K, 0% used [0xa0080000,0xa0080000,0xa0300000)
 ParOldGen       total 43008K, used 2019K [0x73380000, 0x75d80000, 0x9de00000)
  object space 43008K, 4% used [0x73380000,0x73578f78,0x75d80000)
 PSPermGen       total 16384K, used 3768K [0x6b380000, 0x6c380000, 0x73380000)
  object space 16384K, 23% used [0x6b380000,0x6b72e210,0x6c380000)
Event: 1.545 GC heap after
Heap after GC invocations=2 (full 0):
 PSYoungGen      total 35328K, used 2545K [0x9de00000, 0xa0300000, 0xb3380000)
  eden space 32768K, 0% used [0x9de00000,0x9de00000,0x9fe00000)
  from space 2560K, 99% used [0xa0080000,0xa02fc5c0,0xa0300000)
  to   space 2560K, 0% used [0x9fe00000,0x9fe00000,0xa0080000)
 ParOldGen       total 43008K, used 4683K [0x73380000, 0x75d80000, 0x9de00000)
  object space 43008K, 10% used [0x73380000,0x73812d08,0x75d80000)
 PSPermGen       total 16384K, used 3768K [0x6b380000, 0x6c380000, 0x73380000)
  object space 16384K, 23% used [0x6b380000,0x6b72e210,0x6c380000)
}
Event: 2.866 GC heap before
{Heap before GC invocations=3 (full 0):
 PSYoungGen      total 35328K, used 35313K [0x9de00000, 0xa0300000, 0xb3380000)
  eden space 32768K, 100% used [0x9de00000,0x9fe00000,0x9fe00000)
  from space 2560K, 99% used [0xa0080000,0xa02fc5c0,0xa0300000)
  to   space 2560K, 0% used [0x9fe00000,0x9fe00000,0xa0080000)
 ParOldGen       total 43008K, used 4683K [0x73380000, 0x75d80000, 0x9de00000)
  object space 43008K, 10% used [0x73380000,0x73812d08,0x75d80000)
 PSPermGen       total 16384K, used 3806K [0x6b380000, 0x6c380000, 0x73380000)
  object space 16384K, 23% used [0x6b380000,0x6b737aa8,0x6c380000)
Event: 2.930 GC heap after
Heap after GC invocations=3 (full 0):
 PSYoungGen      total 35328K, used 2548K [0x9de00000, 0xa2300000, 0xb3380000)
  eden space 32768K, 0% used [0x9de00000,0x9de00000,0x9fe00000)
  from space 2560K, 99% used [0x9fe00000,0xa007d2b8,0xa0080000)
  to   space 2560K, 0% used [0xa2080000,0xa2080000,0xa2300000)
 ParOldGen       total 43008K, used 10587K [0x73380000, 0x75d80000, 0x9de00000)
  object space 43008K, 24% used [0x73380000,0x73dd6fa0,0x75d80000)
 PSPermGen       total 16384K, used 3806K [0x6b380000, 0x6c380000, 0x73380000)
  object space 16384K, 23% used [0x6b380000,0x6b737aa8,0x6c380000)
}
Event: 6.435 GC heap before
{Heap before GC invocations=4 (full 0):
 PSYoungGen      total 35328K, used 35316K [0x9de00000, 0xa2300000, 0xb3380000)
  eden space 32768K, 100% used [0x9de00000,0x9fe00000,0x9fe00000)
  from space 2560K, 99% used [0x9fe00000,0xa007d2b8,0xa0080000)
  to   space 2560K, 0% used [0xa2080000,0xa2080000,0xa2300000)
 ParOldGen       total 43008K, used 10587K [0x73380000, 0x75d80000, 0x9de00000)
  object space 43008K, 24% used [0x73380000,0x73dd6fa0,0x75d80000)
 PSPermGen       total 16384K, used 5229K [0x6b380000, 0x6c380000, 0x73380000)
  object space 16384K, 31% used [0x6b380000,0x6b89b598,0x6c380000)
Event: 6.466 GC heap after
Heap after GC invocations=4 (full 0):
 PSYoungGen      total 68096K, used 2554K [0x9de00000, 0xa2300000, 0xb3380000)
  eden space 65536K, 0% used [0x9de00000,0x9de00000,0xa1e00000)
  from space 2560K, 99% used [0xa2080000,0xa22fe850,0xa2300000)
  to   space 2560K, 0% used [0xa1e00000,0xa1e00000,0xa2080000)
 ParOldGen       total 43008K, used 17548K [0x73380000, 0x75d80000, 0x9de00000)
  object space 43008K, 40% used [0x73380000,0x744a3140,0x75d80000)
 PSPermGen       total 16384K, used 5229K [0x6b380000, 0x6c380000, 0x73380000)
  object space 16384K, 31% used [0x6b380000,0x6b89b598,0x6c380000)
}
Event: 9.124 GC heap before
{Heap before GC invocations=5 (full 0):
 PSYoungGen      total 68096K, used 68090K [0x9de00000, 0xa2300000, 0xb3380000)
  eden space 65536K, 100% used [0x9de00000,0xa1e00000,0xa1e00000)
  from space 2560K, 99% used [0xa2080000,0xa22fe850,0xa2300000)
  to   space 2560K, 0% used [0xa1e00000,0xa1e00000,0xa2080000)
 ParOldGen       total 43008K, used 17548K [0x73380000, 0x75d80000, 0x9de00000)
  object space 43008K, 40% used [0x73380000,0x744a3140,0x75d80000)
 PSPermGen       total 16384K, used 5280K [0x6b380000, 0x6c380000, 0x73380000)
  object space 16384K, 32% used [0x6b380000,0x6b8a83e8,0x6c380000)

Deoptimization events (10 events):
Event: 5.372 Thread 0xb6508c00 Uncommon trap: reason=unreached action=reinterpret pc=0xb34f0064 method=java.util.Arrays.copyOf([Ljava/lang/Object;ILjava/lang/Class;)[Ljava/lang/Object; @ 4
Event: 5.374 Thread 0xb6508c00 Uncommon trap: reason=class_check action=maybe_recompile pc=0xb34d8ffc method=java.util.HashMap.<init>(IF)V @ 115
Event: 5.375 Thread 0xb6508c00 Uncommon trap: reason=class_check action=maybe_recompile pc=0xb34d8ffc method=java.util.HashMap.<init>(IF)V @ 115
Event: 5.923 Thread 0xb6508c00 Uncommon trap: reason=class_check action=maybe_recompile pc=0xb3552550 method=java.util.HashMap.<init>(IF)V @ 115
Event: 5.923 Thread 0xb6508c00 Uncommon trap: reason=class_check action=maybe_recompile pc=0xb34d8ffc method=java.util.HashMap.<init>(IF)V @ 115
Event: 5.933 Thread 0xb6508c00 Uncommon trap: reason=class_check action=maybe_recompile pc=0xb3550784 method=java.util.ArrayList.<init>(Ljava/util/Collection;)V @ 6
Event: 5.937 Thread 0xb6508c00 Uncommon trap: reason=class_check action=maybe_recompile pc=0xb3552550 method=java.util.HashMap.<init>(IF)V @ 115
Event: 5.937 Thread 0xb6508c00 Uncommon trap: reason=class_check action=maybe_recompile pc=0xb3550784 method=java.util.ArrayList.<init>(Ljava/util/Collection;)V @ 6
Event: 8.479 Thread 0xb6508c00 Uncommon trap: reason=predicate action=maybe_recompile pc=0xb36aaf78 method=com.android.dex.Leb128.readUnsignedLeb128(Lcom/android/dex/util/ByteInput;)I @ 41
Event: 8.880 Thread 0xb6508c00 Uncommon trap: reason=predicate action=maybe_recompile pc=0xb36ecf58 method=java.util.ComparableTimSort.binarySort([Ljava/lang/Object;III)V @ 37

Internal exceptions (10 events):
Event: 5.733 Thread 0xb6508c00 Threw 0x9fa23880 at /build/buildd/openjdk-7-7u79-2.5.5/build/openjdk/hotspot/src/share/vm/prims/jvm.cpp:1284
Event: 5.735 Thread 0xb6508c00 Threw 0x9fa2a658 at /build/buildd/openjdk-7-7u79-2.5.5/build/openjdk/hotspot/src/share/vm/prims/jvm.cpp:1284
Event: 5.735 Thread 0xb6508c00 Threw 0x9fa2cf78 at /build/buildd/openjdk-7-7u79-2.5.5/build/openjdk/hotspot/src/share/vm/prims/jvm.cpp:1284
Event: 5.928 Thread 0xb6508c00 Threw 0x9fbcecb8 at /build/buildd/openjdk-7-7u79-2.5.5/build/openjdk/hotspot/src/share/vm/prims/jvm.cpp:1284
Event: 5.928 Thread 0xb6508c00 Threw 0x9fbcedd0 at /build/buildd/openjdk-7-7u79-2.5.5/build/openjdk/hotspot/src/share/vm/prims/jvm.cpp:1284
Event: 5.928 Thread 0xb6508c00 Threw 0x9fbd1220 at /build/buildd/openjdk-7-7u79-2.5.5/build/openjdk/hotspot/src/share/vm/prims/jvm.cpp:1284
Event: 5.928 Thread 0xb6508c00 Threw 0x9fbd1338 at /build/buildd/openjdk-7-7u79-2.5.5/build/openjdk/hotspot/src/share/vm/prims/jvm.cpp:1284
Event: 5.928 Thread 0xb6508c00 Threw 0x9fbd1ca8 at /build/buildd/openjdk-7-7u79-2.5.5/build/openjdk/hotspot/src/share/vm/prims/jvm.cpp:1284
Event: 5.928 Thread 0xb6508c00 Threw 0x9fbd1dc0 at /build/buildd/openjdk-7-7u79-2.5.5/build/openjdk/hotspot/src/share/vm/prims/jvm.cpp:1284
Event: 8.641 Thread 0xb6508c00 Threw 0x9e9a2c50 at /build/buildd/openjdk-7-7u79-2.5.5/build/openjdk/hotspot/src/share/vm/prims/jvm.cpp:1284

Events (10 events):
Event: 8.495 Thread 0x6802a800 flushing nmethod 0xb34fb248
Event: 8.509 Thread 0x6802a800 flushing nmethod 0xb3516108
Event: 8.641 loading class 0x6714b890
Event: 8.641 loading class 0x6714b890 done
Event: 8.801 loading class 0x6ad57b68
Event: 8.801 loading class 0x6ad57b68 done
Event: 8.879 Thread 0xb6508c00 Uncommon trap: trap_request=0xffffff86 fr.pc=0xb36ecf58
Event: 8.880 Thread 0xb6508c00 DEOPT PACKING pc=0xb36ecf58 sp=0xb6651d80
Event: 8.880 Thread 0xb6508c00 DEOPT UNPACKING pc=0xb34a9bc8 sp=0xb6651d88 mode 2
Event: 9.124 Executing VM operation: ParallelGCFailedAllocation


Dynamic libraries:
08048000-08049000 r-xp 00000000 08:02 2495453    /usr/lib/jvm/java-7-openjdk-i386/jre/bin/java
08049000-0804a000 r--p 00000000 08:02 2495453    /usr/lib/jvm/java-7-openjdk-i386/jre/bin/java
0804a000-0804b000 rw-p 00001000 08:02 2495453    /usr/lib/jvm/java-7-openjdk-i386/jre/bin/java
09402000-0a295000 rw-p 00000000 00:00 0          [heap]
66396000-66500000 rw-p 00000000 00:00 0 
66500000-665ea000 rw-p 00000000 00:00 0 
665ea000-66600000 ---p 00000000 00:00 0 
66700000-667e0000 rw-p 00000000 00:00 0 
667e0000-66800000 ---p 00000000 00:00 0 
66800000-668fb000 rw-p 00000000 00:00 0 
668fb000-66900000 ---p 00000000 00:00 0 
66900000-669fe000 rw-p 00000000 00:00 0 
669fe000-66a00000 ---p 00000000 00:00 0 
66b00000-66bf1000 rw-p 00000000 00:00 0 
66bf1000-66c00000 ---p 00000000 00:00 0 
66c00000-66ceb000 rw-p 00000000 00:00 0 
66ceb000-66d00000 ---p 00000000 00:00 0 
66d00000-66e00000 rw-p 00000000 00:00 0 
66f00000-66ffe000 rw-p 00000000 00:00 0 
66ffe000-67000000 ---p 00000000 00:00 0 
67000000-67097000 rw-p 00000000 00:00 0 
67097000-67100000 ---p 00000000 00:00 0 
67100000-67171000 rw-p 00000000 00:00 0 
67171000-67200000 ---p 00000000 00:00 0 
672a9000-673fc000 r-xp 00000000 08:02 2224264    /usr/lib/i386-linux-gnu/libgio-2.0.so.0.3200.4
673fc000-673fe000 r--p 00153000 08:02 2224264    /usr/lib/i386-linux-gnu/libgio-2.0.so.0.3200.4
673fe000-673ff000 rw-p 00155000 08:02 2224264    /usr/lib/i386-linux-gnu/libgio-2.0.so.0.3200.4
673ff000-67400000 rw-p 00000000 00:00 0 
67400000-674fa000 rw-p 00000000 00:00 0 
674fa000-67500000 ---p 00000000 00:00 0 
6751c000-675c4000 rw-p 00000000 00:00 0 
675c4000-675fe000 r-xp 00000000 08:02 655051     /lib/i386-linux-gnu/libpcre.so.3.12.1
675fe000-675ff000 r--p 00039000 08:02 655051     /lib/i386-linux-gnu/libpcre.so.3.12.1
675ff000-67600000 rw-p 0003a000 08:02 655051     /lib/i386-linux-gnu/libpcre.so.3.12.1
67600000-676fe000 rw-p 00000000 00:00 0 
676fe000-67700000 ---p 00000000 00:00 0 
67707000-677fe000 r-xp 00000000 08:02 654146     /lib/i386-linux-gnu/libglib-2.0.so.0.3200.4
677fe000-677ff000 r--p 000f6000 08:02 654146     /lib/i386-linux-gnu/libglib-2.0.so.0.3200.4
677ff000-67800000 rw-p 000f7000 08:02 654146     /lib/i386-linux-gnu/libglib-2.0.so.0.3200.4
67800000-678fe000 rw-p 00000000 00:00 0 
678fe000-67900000 ---p 00000000 00:00 0 
6791e000-67931000 r-xp 00000000 08:02 660703     /lib/i386-linux-gnu/libresolv-2.15.so
67931000-67932000 ---p 00013000 08:02 660703     /lib/i386-linux-gnu/libresolv-2.15.so
67932000-67933000 r--p 00013000 08:02 660703     /lib/i386-linux-gnu/libresolv-2.15.so
67933000-67934000 rw-p 00014000 08:02 660703     /lib/i386-linux-gnu/libresolv-2.15.so
67934000-67936000 rw-p 00000000 00:00 0 
67936000-67953000 r-xp 00000000 08:02 655066     /lib/i386-linux-gnu/libselinux.so.1
67953000-67954000 r--p 0001c000 08:02 655066     /lib/i386-linux-gnu/libselinux.so.1
67954000-67955000 rw-p 0001d000 08:02 655066     /lib/i386-linux-gnu/libselinux.so.1
67955000-679a2000 r-xp 00000000 08:02 2224247    /usr/lib/i386-linux-gnu/libgobject-2.0.so.0.3200.4
679a2000-679a3000 r--p 0004c000 08:02 2224247    /usr/lib/i386-linux-gnu/libgobject-2.0.so.0.3200.4
679a3000-679a4000 rw-p 0004d000 08:02 2224247    /usr/lib/i386-linux-gnu/libgobject-2.0.so.0.3200.4
679a4000-679a7000 ---p 00000000 00:00 0 
679a7000-679f5000 rw-p 00000000 00:00 0 
679f5000-679f8000 ---p 00000000 00:00 0 
679f8000-67a46000 rw-p 00000000 00:00 0 
67a46000-67a49000 ---p 00000000 00:00 0 
67a49000-67a97000 rw-p 00000000 00:00 0 
67a97000-67a9a000 ---p 00000000 00:00 0 
67a9a000-67ae8000 rw-p 00000000 00:00 0 
67ae8000-67aeb000 ---p 00000000 00:00 0 
67aeb000-67b39000 rw-p 00000000 00:00 0 
67b39000-67b3a000 ---p 00000000 00:00 0 
67b3a000-67bba000 rw-p 00000000 00:00 0          [stack:4577]
67bba000-67bbd000 ---p 00000000 00:00 0 
67bbd000-67c0b000 rw-p 00000000 00:00 0          [stack:4576]
67c0b000-67c0e000 ---p 00000000 00:00 0 
67c0e000-67c8c000 rw-p 00000000 00:00 0          [stack:4575]
67c8c000-67c8f000 ---p 00000000 00:00 0 
67c8f000-67d0d000 rw-p 00000000 00:00 0          [stack:4574]
67d0d000-67d10000 ---p 00000000 00:00 0 
67d10000-67d5e000 rw-p 00000000 00:00 0          [stack:4573]
67d5e000-67f5e000 r--p 00000000 08:02 2231704    /usr/lib/locale/locale-archive
67f5e000-67f61000 ---p 00000000 00:00 0 
67f61000-67faf000 rw-p 00000000 00:00 0          [stack:4572]
67faf000-67fb2000 ---p 00000000 00:00 0 
67fb2000-68000000 rw-p 00000000 00:00 0          [stack:4571]
68000000-680f6000 rw-p 00000000 00:00 0 
680f6000-68100000 ---p 00000000 00:00 0 
68105000-68106000 ---p 00000000 00:00 0 
68106000-681cf000 rw-p 00000000 00:00 0          [stack:4570]
681cf000-68380000 r--s 01d27000 08:02 2354895    /usr/lib/jvm/java-7-openjdk-i386/jre/lib/rt.jar
68380000-6ac00000 rw-p 00000000 00:00 0 
6ac00000-6acf9000 rw-p 00000000 00:00 0 
6acf9000-6ad00000 ---p 00000000 00:00 0 
6ad04000-6ad09000 r-xp 00000000 08:02 2228599    /usr/lib/i386-linux-gnu/libffi.so.6.0.0
6ad09000-6ad0a000 r--p 00004000 08:02 2228599    /usr/lib/i386-linux-gnu/libffi.so.6.0.0
6ad0a000-6ad0b000 rw-p 00005000 08:02 2228599    /usr/lib/i386-linux-gnu/libffi.so.6.0.0
6ad0b000-6ad22000 r-xp 00000000 08:02 2354845    /usr/lib/jvm/java-7-openjdk-i386/jre/lib/i386/libnet.so
6ad22000-6ad23000 r--p 00016000 08:02 2354845    /usr/lib/jvm/java-7-openjdk-i386/jre/lib/i386/libnet.so
6ad23000-6ad24000 rw-p 00017000 08:02 2354845    /usr/lib/jvm/java-7-openjdk-i386/jre/lib/i386/libnet.so
6ad24000-6ad7f000 rw-p 00000000 00:00 0 
6ad7f000-6ad80000 ---p 00000000 00:00 0 
6ad80000-6ae00000 rw-p 00000000 00:00 0          [stack:4569]
6ae00000-6ae21000 rw-p 00000000 00:00 0 
6ae21000-6af00000 ---p 00000000 00:00 0 
6af10000-6af15000 r--s 0004d000 08:02 2354830    /usr/lib/jvm/java-7-openjdk-i386/jre/lib/jsse.jar
6af15000-6af26000 r-xp 00000000 08:02 2354865    /usr/lib/jvm/java-7-openjdk-i386/jre/lib/i386/libnio.so
6af26000-6af27000 r--p 00010000 08:02 2354865    /usr/lib/jvm/java-7-openjdk-i386/jre/lib/i386/libnio.so
6af27000-6af28000 rw-p 00011000 08:02 2354865    /usr/lib/jvm/java-7-openjdk-i386/jre/lib/i386/libnio.so
6af28000-6af29000 ---p 00000000 00:00 0 
6af29000-6afb1000 rw-p 00000000 00:00 0          [stack:4568]
6afb1000-6afe9000 rw-p 00000000 00:00 0 
6afe9000-6affe000 rw-p 00000000 00:00 0 
6affe000-6b13f000 rw-p 00000000 00:00 0 
6b13f000-6b147000 rw-p 00000000 00:00 0 
6b147000-6b17f000 rw-p 00000000 00:00 0 
6b17f000-6b194000 rw-p 00000000 00:00 0 
6b194000-6b2d4000 rw-p 00000000 00:00 0 
6b2d4000-6b2f7000 rw-p 00000000 00:00 0 
6b2f7000-6b37f000 rw-p 00000000 00:00 0 
6b37f000-6c380000 rw-p 00000000 00:00 0 
6c380000-73380000 rw-p 00000000 00:00 0 
73380000-75d80000 rw-p 00000000 00:00 0 
75d80000-9de00000 rw-p 00000000 00:00 0 
9de00000-a2300000 rw-p 00000000 00:00 0 
a2300000-b3380000 rw-p 00000000 00:00 0 
b3384000-b3387000 r-xp 00000000 08:02 2227411    /usr/lib/i386-linux-gnu/libgmodule-2.0.so.0.3200.4
b3387000-b3388000 r--p 00002000 08:02 2227411    /usr/lib/i386-linux-gnu/libgmodule-2.0.so.0.3200.4
b3388000-b3389000 rw-p 00003000 08:02 2227411    /usr/lib/i386-linux-gnu/libgmodule-2.0.so.0.3200.4
b3389000-b338a000 rw-p 00000000 00:00 0 
b338a000-b3399000 r--s 000df000 08:02 1336628    /root/Android/Sdk/build-tools/23.0.1/lib/dx.jar
b3399000-b339c000 r--s 0000f000 08:02 2354878    /usr/lib/jvm/java-7-openjdk-i386/jre/lib/ext/icedtea-sound.jar
b339c000-b339e000 r--s 00012000 08:02 2354875    /usr/lib/jvm/java-7-openjdk-i386/jre/lib/ext/zipfs.jar
b339e000-b33a2000 r--s 00034000 08:02 2354876    /usr/lib/jvm/java-7-openjdk-i386/jre/lib/ext/sunjce_provider.jar
b33a2000-b33c8000 rw-p 00000000 00:00 0 
b33c8000-b347d000 rw-p 00000000 00:00 0 
b347d000-b3715000 rwxp 00000000 00:00 0 
b3715000-b647d000 rw-p 00000000 00:00 0 
b647d000-b6488000 r-xp 00000000 08:02 660696     /lib/i386-linux-gnu/libnss_files-2.15.so
b6488000-b6489000 r--p 0000a000 08:02 660696     /lib/i386-linux-gnu/libnss_files-2.15.so
b6489000-b648a000 rw-p 0000b000 08:02 660696     /lib/i386-linux-gnu/libnss_files-2.15.so
b648a000-b6494000 r-xp 00000000 08:02 660516     /lib/i386-linux-gnu/libnss_nis-2.15.so
b6494000-b6495000 r--p 00009000 08:02 660516     /lib/i386-linux-gnu/libnss_nis-2.15.so
b6495000-b6496000 rw-p 0000a000 08:02 660516     /lib/i386-linux-gnu/libnss_nis-2.15.so
b6496000-b64ac000 r-xp 00000000 08:02 660714     /lib/i386-linux-gnu/libnsl-2.15.so
b64ac000-b64ad000 r--p 00015000 08:02 660714     /lib/i386-linux-gnu/libnsl-2.15.so
b64ad000-b64ae000 rw-p 00016000 08:02 660714     /lib/i386-linux-gnu/libnsl-2.15.so
b64ae000-b64b0000 rw-p 00000000 00:00 0 
b64b0000-b64b7000 r-xp 00000000 08:02 660751     /lib/i386-linux-gnu/libnss_compat-2.15.so
b64b7000-b64b8000 r--p 00006000 08:02 660751     /lib/i386-linux-gnu/libnss_compat-2.15.so
b64b8000-b64b9000 rw-p 00007000 08:02 660751     /lib/i386-linux-gnu/libnss_compat-2.15.so
b64b9000-b64bc000 r--s 00086000 08:02 2354874    /usr/lib/jvm/java-7-openjdk-i386/jre/lib/ext/localedata.jar
b64bc000-b64c4000 r-xp 00000000 08:02 2354839    /usr/lib/jvm/java-7-openjdk-i386/jre/lib/i386/libzip.so
b64c4000-b64c5000 r--p 00007000 08:02 2354839    /usr/lib/jvm/java-7-openjdk-i386/jre/lib/i386/libzip.so
b64c5000-b64c6000 rw-p 00008000 08:02 2354839    /usr/lib/jvm/java-7-openjdk-i386/jre/lib/i386/libzip.so
b64c6000-b64ce000 rw-s 00000000 08:02 1962880    /tmp/hsperfdata_root/4563
b64ce000-b64f5000 r-xp 00000000 08:02 2354836    /usr/lib/jvm/java-7-openjdk-i386/jre/lib/i386/libjava.so
b64f5000-b64f6000 r--p 00026000 08:02 2354836    /usr/lib/jvm/java-7-openjdk-i386/jre/lib/i386/libjava.so
b64f6000-b64f7000 rw-p 00027000 08:02 2354836    /usr/lib/jvm/java-7-openjdk-i386/jre/lib/i386/libjava.so
b64f7000-b64fe000 r-xp 00000000 08:02 660699     /lib/i386-linux-gnu/librt-2.15.so
b64fe000-b64ff000 r--p 00006000 08:02 660699     /lib/i386-linux-gnu/librt-2.15.so
b64ff000-b6500000 rw-p 00007000 08:02 660699     /lib/i386-linux-gnu/librt-2.15.so
b6500000-b65fe000 rw-p 00000000 00:00 0 
b65fe000-b6600000 ---p 00000000 00:00 0 
b6600000-b6601000 r--s 00007000 08:02 2501311    /usr/share/java/java-atk-wrapper.jar
b6601000-b6602000 r--s 00002000 08:02 2354877    /usr/lib/jvm/java-7-openjdk-i386/jre/lib/ext/dnsns.jar
b6602000-b6605000 ---p 00000000 00:00 0 
b6605000-b6653000 rw-p 00000000 00:00 0          [stack:4567]
b6653000-b666f000 r-xp 00000000 08:02 654999     /lib/i386-linux-gnu/libgcc_s.so.1
b666f000-b6670000 r--p 0001b000 08:02 654999     /lib/i386-linux-gnu/libgcc_s.so.1
b6670000-b6671000 rw-p 0001c000 08:02 654999     /lib/i386-linux-gnu/libgcc_s.so.1
b6671000-b669b000 r-xp 00000000 08:02 660716     /lib/i386-linux-gnu/libm-2.15.so
b669b000-b669c000 r--p 00029000 08:02 660716     /lib/i386-linux-gnu/libm-2.15.so
b669c000-b669d000 rw-p 0002a000 08:02 660716     /lib/i386-linux-gnu/libm-2.15.so
b669d000-b6775000 r-xp 00000000 08:02 2228949    /usr/lib/i386-linux-gnu/libstdc++.so.6.0.16
b6775000-b6776000 ---p 000d8000 08:02 2228949    /usr/lib/i386-linux-gnu/libstdc++.so.6.0.16
b6776000-b677a000 r--p 000d8000 08:02 2228949    /usr/lib/i386-linux-gnu/libstdc++.so.6.0.16
b677a000-b677b000 rw-p 000dc000 08:02 2228949    /usr/lib/i386-linux-gnu/libstdc++.so.6.0.16
b677b000-b6782000 rw-p 00000000 00:00 0 
b6782000-b7145000 r-xp 00000000 08:02 2354863    /usr/lib/jvm/java-7-openjdk-i386/jre/lib/i386/server/libjvm.so
b7145000-b719a000 r--p 009c2000 08:02 2354863    /usr/lib/jvm/java-7-openjdk-i386/jre/lib/i386/server/libjvm.so
b719a000-b71ae000 rw-p 00a17000 08:02 2354863    /usr/lib/jvm/java-7-openjdk-i386/jre/lib/i386/server/libjvm.so
b71ae000-b75cc000 rw-p 00000000 00:00 0 
b75cc000-b75e0000 r-xp 00000000 08:02 655089     /lib/i386-linux-gnu/libz.so.1.2.3.4
b75e0000-b75e1000 r--p 00013000 08:02 655089     /lib/i386-linux-gnu/libz.so.1.2.3.4
b75e1000-b75e2000 rw-p 00014000 08:02 655089     /lib/i386-linux-gnu/libz.so.1.2.3.4
b75e2000-b75f9000 r-xp 00000000 08:02 660693     /lib/i386-linux-gnu/libpthread-2.15.so
b75f9000-b75fa000 r--p 00016000 08:02 660693     /lib/i386-linux-gnu/libpthread-2.15.so
b75fa000-b75fb000 rw-p 00017000 08:02 660693     /lib/i386-linux-gnu/libpthread-2.15.so
b75fb000-b75fd000 rw-p 00000000 00:00 0 
b75fd000-b7600000 r-xp 00000000 08:02 660747     /lib/i386-linux-gnu/libdl-2.15.so
b7600000-b7601000 r--p 00002000 08:02 660747     /lib/i386-linux-gnu/libdl-2.15.so
b7601000-b7602000 rw-p 00003000 08:02 660747     /lib/i386-linux-gnu/libdl-2.15.so
b7602000-b77a5000 r-xp 00000000 08:02 660752     /lib/i386-linux-gnu/libc-2.15.so
b77a5000-b77a7000 r--p 001a3000 08:02 660752     /lib/i386-linux-gnu/libc-2.15.so
b77a7000-b77a8000 rw-p 001a5000 08:02 660752     /lib/i386-linux-gnu/libc-2.15.so
b77a8000-b77ab000 rw-p 00000000 00:00 0 
b77ab000-b77af000 r--s 0003c000 08:02 2354879    /usr/lib/jvm/java-7-openjdk-i386/jre/lib/ext/sunpkcs11.jar
b77af000-b77b0000 r--p 00858000 08:02 2231704    /usr/lib/locale/locale-archive
b77b0000-b77b1000 rw-p 00000000 00:00 0 
b77b1000-b77b2000 ---p 00000000 00:00 0 
b77b2000-b77be000 r-xp 00000000 08:02 2354851    /usr/lib/jvm/java-7-openjdk-i386/jre/lib/i386/libverify.so
b77be000-b77bf000 r--p 0000b000 08:02 2354851    /usr/lib/jvm/java-7-openjdk-i386/jre/lib/i386/libverify.so
b77bf000-b77c0000 rw-p 0000c000 08:02 2354851    /usr/lib/jvm/java-7-openjdk-i386/jre/lib/i386/libverify.so
b77c0000-b77cd000 r-xp 00000000 08:02 2354868    /usr/lib/jvm/java-7-openjdk-i386/jre/lib/i386/jli/libjli.so
b77cd000-b77ce000 r--p 0000c000 08:02 2354868    /usr/lib/jvm/java-7-openjdk-i386/jre/lib/i386/jli/libjli.so
b77ce000-b77cf000 rw-p 0000d000 08:02 2354868    /usr/lib/jvm/java-7-openjdk-i386/jre/lib/i386/jli/libjli.so
b77cf000-b77d2000 rw-p 00000000 00:00 0 
b77d2000-b77d3000 r-xp 00000000 00:00 0          [vdso]
b77d3000-b77f3000 r-xp 00000000 08:02 660701     /lib/i386-linux-gnu/ld-2.15.so
b77f3000-b77f4000 r--p 0001f000 08:02 660701     /lib/i386-linux-gnu/ld-2.15.so
b77f4000-b77f5000 rw-p 00020000 08:02 660701     /lib/i386-linux-gnu/ld-2.15.so
bfda3000-bfda4000 rwxp 00000000 00:00 0 
bfdd5000-bfdf7000 rw-p 00000000 00:00 0          [stack]

VM Arguments:
jvm_args: -Xmx1024M -Dfile.encoding=UTF-8 -Duser.country=IN -Duser.language=en -Duser.variant 
java_command: com.android.dx.command.Main --dex --num-threads=4 --output /home/signity/Desktop/Drive_E/Pardeep/AndroidStudioProjects/ShopKeeperApp/app/build/intermediates/dex/debug /home/signity/Desktop/Drive_E/Pardeep/AndroidStudioProjects/ShopKeeperApp/app/build/intermediates/classes/debug /home/signity/Desktop/Drive_E/Pardeep/AndroidStudioProjects/ShopKeeperApp/app/build/intermediates/pre-dexed/debug/support-annotations-23.0.1-fc80f361f26b033d2f427a470a8df3c3a4d2361f.jar /home/signity/Desktop/Drive_E/Pardeep/AndroidStudioProjects/ShopKeeperApp/app/build/intermediates/pre-dexed/debug/okhttp-urlconnection-2.0.0-8f5b3ac329ec0fb6b71dd04ab28520ca83184097.jar /home/signity/Desktop/Drive_E/Pardeep/AndroidStudioProjects/ShopKeeperApp/app/build/intermediates/pre-dexed/debug/okio-1.0.0-84cd7c658640f6bfdf4915b57ee2224333126860.jar /home/signity/Desktop/Drive_E/Pardeep/AndroidStudioProjects/ShopKeeperApp/app/build/intermediates/pre-dexed/debug/classes-5563c3922d8edcef984f695bf6da4ce314803720.jar /home/signity/Desktop/Drive_E/Pardeep/AndroidStudioProjects/ShopKeeperApp/app/build/intermediates/pre-dexed/debug/retrofit-1.9.0-535d3f0982c829a4064c138d803bde2b00b2ce0f.jar /home/signity/Desktop/Drive_E/Pardeep/AndroidStudioProjects/ShopKeeperApp/app/build/intermediates/pre-dexed/debug/picasso-2.5.2-f07471cc8daabba9b33b6c2492a169834e3c6749.jar /home/signity/Desktop/Drive_E/Pardeep/AndroidStudioProjects/ShopKeeperApp/app/build/intermediates/pre-dexed/debug/gson-2.3.1-db347212bcda2648244d4b24078ad368b698503a.jar /home/signity/Desktop/Drive_E/Pardeep/AndroidStudioProjects/ShopKeeperApp/app/build/intermediates/pre-dexed/debug/classes-77b8637c613b001e9611922c3b4e60d67242a684.jar /home/signity/Desktop/Drive_E/Pardeep/AndroidStudioProjects/ShopKeeperApp/app/build/intermediates/pre-dexed/debug/internal_impl-23.0.1-91582d1f3946ebcf4676da7c46ef1530c6e795dc.jar /home/signity/Desktop/Drive_E/Pardeep/AndroidStudioProjects/ShopKeeperApp/app/build/intermediates/pre-dexed/debug/okhttp-2.0.0-c503c
Launcher Type: SUN_STANDARD

Environment Variables:
PATH=/usr/local/sbin:/usr/local/bin:/usr/sbin:/usr/bin:/sbin:/bin
USERNAME=root
LD_LIBRARY_PATH=.:
SHELL=/bin/bash
DISPLAY=:0.0

Signal Handlers:
SIGSEGV: [libjvm.so+0x80b810], sa_mask[0]=0x7ffbfeff, sa_flags=0x10000004
SIGBUS: [libjvm.so+0x80b810], sa_mask[0]=0x7ffbfeff, sa_flags=0x10000004
SIGFPE: [libjvm.so+0x6756b0], sa_mask[0]=0x7ffbfeff, sa_flags=0x10000004
SIGPIPE: [libjvm.so+0x6756b0], sa_mask[0]=0x7ffbfeff, sa_flags=0x10000004
SIGXFSZ: [libjvm.so+0x6756b0], sa_mask[0]=0x7ffbfeff, sa_flags=0x10000004
SIGILL: [libjvm.so+0x6756b0], sa_mask[0]=0x7ffbfeff, sa_flags=0x10000004
SIGUSR1: SIG_DFL, sa_mask[0]=0x00000000, sa_flags=0x00000000
SIGUSR2: [libjvm.so+0x675990], sa_mask[0]=0x00000004, sa_flags=0x10000004
SIGHUP: [libjvm.so+0x675b50], sa_mask[0]=0x7ffbfeff, sa_flags=0x10000004
SIGINT: [libjvm.so+0x675b50], sa_mask[0]=0x7ffbfeff, sa_flags=0x10000004
SIGTERM: [libjvm.so+0x675b50], sa_mask[0]=0x7ffbfeff, sa_flags=0x10000004
SIGQUIT: [libjvm.so+0x675b50], sa_mask[0]=0x7ffbfeff, sa_flags=0x10000004
SIGTRAP: SIG_DFL, sa_mask[0]=0x00000000, sa_flags=0x00000000


---------------  S Y S T E M  ---------------

OS:Ubuntu 12.04 (precise)
uname:Linux 3.8.0-29-generic #42~precise1-Ubuntu SMP Wed Aug 14 15:31:16 UTC 2013 i686
libc:glibc 2.15 NPTL 2.15 
rlimit: STACK 8192k, CORE 0k, NPROC 32183, NOFILE 4096, AS infinity
load average:2.13 1.17 0.96

/proc/meminfo:
MemTotal:        4135944 kB
MemFree:          523632 kB
Buffers:          168796 kB
Cached:          1254500 kB
SwapCached:            0 kB
Active:          2615860 kB
Inactive:         879928 kB
Active(anon):    2073316 kB
Inactive(anon):      540 kB
Active(file):     542544 kB
Inactive(file):   879388 kB
Unevictable:           0 kB
Mlocked:               0 kB
HighTotal:       3280520 kB
HighFree:          40772 kB
LowTotal:         855424 kB
LowFree:          482860 kB
SwapTotal:       1499132 kB
SwapFree:        1499132 kB
Dirty:              2048 kB
Writeback:             0 kB
AnonPages:       2072608 kB
Mapped:           161600 kB
Shmem:              1368 kB
Slab:              61768 kB
SReclaimable:      42460 kB
SUnreclaim:        19308 kB
KernelStack:        4264 kB
PageTables:        11456 kB
NFS_Unstable:          0 kB
Bounce:                0 kB
WritebackTmp:          0 kB
CommitLimit:     3567104 kB
Committed_AS:    4667304 kB
VmallocTotal:     122880 kB
VmallocUsed:       59596 kB
VmallocChunk:      59764 kB
HardwareCorrupted:     0 kB
AnonHugePages:         0 kB
HugePages_Total:       0
HugePages_Free:        0
HugePages_Rsvd:        0
HugePages_Surp:        0
Hugepagesize:       2048 kB
DirectMap4k:        8184 kB
DirectMap2M:      905216 kB


CPU:total 2 (2 cores per cpu, 1 threads per core) family 6 model 23 stepping 10, cmov, cx8, fxsr, mmx, sse, sse2, sse3, ssse3, tsc

/proc/cpuinfo:
processor	: 0
vendor_id	: GenuineIntel
cpu family	: 6
model		: 23
model name	: Pentium(R) Dual-Core  CPU      E5700  @ 3.00GHz
stepping	: 10
microcode	: 0xa07
cpu MHz		: 2992.922
cache size	: 2048 KB
physical id	: 0
siblings	: 2
core id		: 0
cpu cores	: 2
apicid		: 0
initial apicid	: 0
fdiv_bug	: no
hlt_bug		: no
f00f_bug	: no
coma_bug	: no
fpu		: yes
fpu_exception	: yes
cpuid level	: 13
wp		: yes
flags		: fpu vme de pse tsc msr pae mce cx8 apic sep mtrr pge mca cmov pat pse36 clflush dts acpi mmx fxsr sse sse2 ss ht tm pbe nx lm constant_tsc arch_perfmon pebs bts aperfmperf pni dtes64 monitor ds_cpl vmx est tm2 ssse3 cx16 xtpr pdcm xsave lahf_lm dtherm tpr_shadow vnmi flexpriority
bogomips	: 5985.84
clflush size	: 64
cache_alignment	: 64
address sizes	: 36 bits physical, 48 bits virtual
power management:

processor	: 1
vendor_id	: GenuineIntel
cpu family	: 6
model		: 23
model name	: Pentium(R) Dual-Core  CPU      E5700  @ 3.00GHz
stepping	: 10
microcode	: 0xa07
cpu MHz		: 2992.922
cache size	: 2048 KB
physical id	: 0
siblings	: 2
core id		: 1
cpu cores	: 2
apicid		: 1
initial apicid	: 1
fdiv_bug	: no
hlt_bug		: no
f00f_bug	: no
coma_bug	: no
fpu		: yes
fpu_exception	: yes
cpuid level	: 13
wp		: yes
flags		: fpu vme de pse tsc msr pae mce cx8 apic sep mtrr pge mca cmov pat pse36 clflush dts acpi mmx fxsr sse sse2 ss ht tm pbe nx lm constant_tsc arch_perfmon pebs bts aperfmperf pni dtes64 monitor ds_cpl vmx est tm2 ssse3 cx16 xtpr pdcm xsave lahf_lm dtherm tpr_shadow vnmi flexpriority
bogomips	: 5985.84
clflush size	: 64
cache_alignment	: 64
address sizes	: 36 bits physical, 48 bits virtual
power management:



Memory: 4k page, physical 4135944k(523632k free), swap 1499132k(1499132k free)

vm_info: OpenJDK Server VM (24.79-b02) for linux-x86 JRE (1.7.0_79-b14), built on Apr 16 2015 10:35:16 by "buildd" with gcc 4.6.3

time: Wed Nov  4 17:30:16 2015
elapsed time: 9 seconds

